<?xml version="1.0" encoding="UTF-8"?>
<!-- Generated by org.testng.reporters.JUnitReportReporter -->
<testsuite skipped="0" hostname="Hang-PC" name="com.hth.guru99bank.CustomerFundTransferAndCustomizedStatementAndBalanceEnquiry" tests="1" failures="0" timestamp="2020-05-28T18:12:42 ICT" time="11.494" errors="0">
  <testcase name="verifyFundTransferSamePayerAndPayee" time="11.494" classname="com.hth.guru99bank.CustomerFundTransferAndCustomizedStatementAndBalanceEnquiry"/>
  <system-out/>
</testsuite> <!-- com.hth.guru99bank.CustomerFundTransferAndCustomizedStatementAndBalanceEnquiry -->
