<?xml version="1.0" encoding="UTF-8"?>
<!-- Generated by org.testng.reporters.JUnitReportReporter -->
<testsuite skipped="0" hostname="Hang-PC" name="com.hth.guru99bank.LogInDynamicTextDay5" tests="4" failures="0" timestamp="2020-05-08T16:50:45 ICT" time="126.716" errors="0">
  <testcase name="verifyLogIn" time="30.684" classname="com.hth.guru99bank.LogInDynamicTextDay5"/>
  <system-out/>
  <testcase name="verifyLogIn" time="44.024" classname="com.hth.guru99bank.LogInDynamicTextDay5"/>
  <system-out/>
  <testcase name="verifyLogIn" time="25.932" classname="com.hth.guru99bank.LogInDynamicTextDay5"/>
  <system-out/>
  <testcase name="verifyLogIn" time="26.076" classname="com.hth.guru99bank.LogInDynamicTextDay5"/>
  <system-out/>
</testsuite> <!-- com.hth.guru99bank.LogInDynamicTextDay5 -->
