<?xml version="1.0" encoding="UTF-8"?>
<!-- Generated by org.testng.reporters.JUnitReportReporter -->
<testsuite skipped="0" hostname="Hang-PC" name="com.hth.guru99bank.Deposit" tests="1" failures="0" timestamp="2020-05-22T14:21:58 ICT" time="7.239" errors="0">
  <testcase name="reloadAfterDeposit" time="7.239" classname="com.hth.guru99bank.Deposit"/>
  <system-out/>
</testsuite> <!-- com.hth.guru99bank.Deposit -->
