<?xml version="1.0" encoding="UTF-8"?>
<!-- Generated by org.testng.reporters.JUnitReportReporter -->
<testsuite skipped="0" hostname="Hang-PC" name="com.hth.guru99bank.LogInScreenShotDay6" tests="4" failures="0" timestamp="2020-05-08T21:40:40 ICT" time="188.844" errors="0">
  <testcase name="verifyLogIn" time="63.930" classname="com.hth.guru99bank.LogInScreenShotDay6"/>
  <system-out/>
  <testcase name="verifyLogIn" time="34.979" classname="com.hth.guru99bank.LogInScreenShotDay6"/>
  <system-out/>
  <testcase name="verifyLogIn" time="40.129" classname="com.hth.guru99bank.LogInScreenShotDay6"/>
  <system-out/>
  <testcase name="verifyLogIn" time="49.806" classname="com.hth.guru99bank.LogInScreenShotDay6"/>
  <system-out/>
</testsuite> <!-- com.hth.guru99bank.LogInScreenShotDay6 -->
