<?xml version="1.0" encoding="UTF-8"?>
<!-- Generated by org.testng.reporters.JUnitReportReporter -->
<testsuite skipped="0" hostname="Hang-PC" name="com.hth.guru99bank.EditCustomer" tests="1" failures="0" timestamp="2020-05-22T10:23:40 ICT" time="36.761" errors="0">
  <testcase name="editCustomer" time="36.761" classname="com.hth.guru99bank.EditCustomer"/>
  <system-out/>
</testsuite> <!-- com.hth.guru99bank.EditCustomer -->
