<?xml version="1.0" encoding="UTF-8"?>
<!-- Generated by org.testng.reporters.JUnitReportReporter -->
<testsuite skipped="0" hostname="Hang-PC" name="com.hth.guru99bank.CustomerChangePasswordAndLogin" tests="2" failures="0" timestamp="2020-05-28T09:11:29 ICT" time="18.274" errors="0">
  <testcase name="enterIncorrectOldPassword" time="7.117" classname="com.hth.guru99bank.CustomerChangePasswordAndLogin"/>
  <system-out/>
  <testcase name="verifyAfterChangePasswordPageIsRedirectedToLoginScreenAndCustomerCanLoginWithNewPassword" time="11.157" classname="com.hth.guru99bank.CustomerChangePasswordAndLogin"/>
  <system-out/>
</testsuite> <!-- com.hth.guru99bank.CustomerChangePasswordAndLogin -->
