<?xml version="1.0" encoding="UTF-8"?>
<!-- Generated by org.testng.reporters.JUnitReportReporter -->
<testsuite skipped="0" hostname="Hang-PC" name="com.hth.guru99bank.CustomerBalanceEnquiry" tests="1" failures="0" timestamp="2020-05-28T14:03:47 ICT" time="86.033" errors="0">
  <testcase name="verifyBalance" time="86.033" classname="com.hth.guru99bank.CustomerBalanceEnquiry"/>
  <system-out/>
</testsuite> <!-- com.hth.guru99bank.CustomerBalanceEnquiry -->
