<?xml version="1.0" encoding="UTF-8"?>
<!-- Generated by org.testng.reporters.JUnitReportReporter -->
<testsuite skipped="0" hostname="Hang-PC" name="com.hth.guru99bank.LogInTestNGDay4" tests="4" failures="0" timestamp="2020-05-08T16:20:15 ICT" time="142.206" errors="0">
  <testcase name="verifyLogIn" time="30.988" classname="com.hth.guru99bank.LogInTestNGDay4"/>
  <system-out/>
  <testcase name="verifyLogIn" time="26.783" classname="com.hth.guru99bank.LogInTestNGDay4"/>
  <system-out/>
  <testcase name="verifyLogIn" time="30.143" classname="com.hth.guru99bank.LogInTestNGDay4"/>
  <system-out/>
  <testcase name="verifyLogIn" time="54.292" classname="com.hth.guru99bank.LogInTestNGDay4"/>
  <system-out/>
</testsuite> <!-- com.hth.guru99bank.LogInTestNGDay4 -->
