<?xml version="1.0" encoding="UTF-8"?>
<!-- Generated by org.testng.reporters.JUnitReportReporter -->
<testsuite skipped="0" hostname="Hang-PC" name="com.hth.guru99bank.AddNewCustomerAndAccount" tests="2" failures="0" timestamp="2020-05-26T09:15:00 ICT" time="26.688" errors="0">
  <testcase name="verifyAfterAddingNewCustomerPageRedirectsToDetailsOfAddedCustomer" time="19.518" classname="com.hth.guru99bank.AddNewCustomerAndAccount"/>
  <system-out/>
  <testcase name="verifyANewAccountCanBeAddedToNewCustomer" time="7.170" classname="com.hth.guru99bank.AddNewCustomerAndAccount"/>
  <system-out/>
</testsuite> <!-- com.hth.guru99bank.AddNewCustomerAndAccount -->
