<?xml version="1.0" encoding="UTF-8"?>
<!-- Generated by org.testng.reporters.JUnitReportReporter -->
<testsuite skipped="0" hostname="Hang-PC" name="com.hth.guru99bank.LogOut" tests="1" failures="0" timestamp="2020-05-27T18:17:28 ICT" time="4.357" errors="0">
  <testcase name="logOut" time="4.357" classname="com.hth.guru99bank.LogOut"/>
  <system-out/>
</testsuite> <!-- com.hth.guru99bank.LogOut -->
