<?xml version="1.0" encoding="UTF-8"?>
<!-- Generated by org.testng.reporters.JUnitReportReporter -->
<testsuite skipped="0" hostname="Hang-PC" name="com.hth.guru99bank.ChangePassword" tests="3" failures="0" timestamp="2020-05-12T16:59:17 ICT" time="9.303" errors="0">
  <testcase name="changePasswordWithIncorrectOldPassword" time="3.068" classname="com.hth.guru99bank.ChangePassword"/>
  <system-out/>
  <testcase name="changePasswordSuccess" time="2.800" classname="com.hth.guru99bank.ChangePassword"/>
  <system-out/>
  <testcase name="verifyUserCanLogInWithNewPassword" time="3.435" classname="com.hth.guru99bank.ChangePassword"/>
  <system-out/>
</testsuite> <!-- com.hth.guru99bank.ChangePassword -->
