<?xml version="1.0" encoding="UTF-8"?>
<!-- Generated by org.testng.reporters.JUnitReportReporter -->
<testsuite skipped="0" hostname="Hang-PC" name="com.hth.guru99bank.CreateCustomerAndLogin" tests="1" failures="0" timestamp="2020-05-28T00:59:23 ICT" time="35.283" errors="0">
  <testcase name="verifyCustomerAccountCreated" time="35.283" classname="com.hth.guru99bank.CreateCustomerAndLogin"/>
  <system-out/>
</testsuite> <!-- com.hth.guru99bank.CreateCustomerAndLogin -->
