<?xml version="1.0" encoding="UTF-8"?>
<!-- Generated by org.testng.reporters.JUnitReportReporter -->
<testsuite skipped="0" hostname="Hang-PC" name="com.hth.guru99bank.CustomizedStatement" tests="3" failures="0" timestamp="2020-05-27T15:15:33 ICT" time="24.296" errors="0">
  <testcase name="verifyCustomizedStatement" time="8.088" classname="com.hth.guru99bank.CustomizedStatement"/>
  <system-out/>
  <testcase name="verifyCustomizedStatmentNotGeneratedWhenFromDateGreaterThanToDate" time="7.151" classname="com.hth.guru99bank.CustomizedStatement"/>
  <system-out/>
  <testcase name="verifyCustomizedStatmentGeneratedWhenFromDateLessThanToDate" time="9.057" classname="com.hth.guru99bank.CustomizedStatement"/>
  <system-out/>
</testsuite> <!-- com.hth.guru99bank.CustomizedStatement -->
