<?xml version="1.0" encoding="UTF-8"?>
<!-- Generated by org.testng.reporters.JUnitReportReporter -->
<testsuite skipped="0" hostname="Hang-PC" name="com.hth.guru99bank.TestLinhTinh" tests="1" failures="0" timestamp="2020-05-27T14:53:08 ICT" time="0.035" errors="0">
  <testcase name="verifyCustomizedStatmentGeneratedWhenFromDateLessThanToDate" time="0.035" classname="com.hth.guru99bank.TestLinhTinh"/>
  <system-out/>
</testsuite> <!-- com.hth.guru99bank.TestLinhTinh -->
