<?xml version="1.0" encoding="UTF-8"?>
<!-- Generated by org.testng.reporters.JUnitReportReporter -->
<testsuite skipped="0" hostname="Hang-PC" name="com.hth.guru99bank.EditAccount" tests="1" failures="0" timestamp="2020-05-27T18:06:02 ICT" time="11.517" errors="0">
  <testcase name="editAccount" time="11.517" classname="com.hth.guru99bank.EditAccount"/>
  <system-out/>
</testsuite> <!-- com.hth.guru99bank.EditAccount -->
