<?xml version="1.0" encoding="UTF-8"?>
<!-- Generated by org.testng.reporters.JUnitReportReporter -->
<testsuite skipped="0" hostname="Hang-PC" name="com.hth.guru99bank.FundTransferAndCustomizedStatement" tests="1" failures="0" timestamp="2020-05-16T16:50:27 ICT" time="3.788" errors="0">
  <testcase name="verifyFundTransferWhenAccountBalanceLow" time="3.788" classname="com.hth.guru99bank.FundTransferAndCustomizedStatement"/>
  <system-out/>
</testsuite> <!-- com.hth.guru99bank.FundTransferAndCustomizedStatement -->
